[2021-06-01]{assign_player1} and {assign_player2} have logged in.
[2021-06-01]GAME OVER! HJ has won with the board.
[2021-06-01]assign_player1 and assign_player2 have logged in.
[2021-06-01]assign_player1 and assign_player2 have logged in.
[2021-06-01]assign_player1 and assign_player2 have logged in.
[2021-06-01]GAME OVER! Persimmon has won with the board.
[2021-06-01]App starting up...
[2021-06-01]HJ and Persimmon have logged in.
[2021-06-01]GAME OVER! Persimmon has won with the board.
[2021-06-03]App starting up...
[2021-06-03]Hyunji and Simon have logged in.
[2021-06-03]App starting up...
[2021-06-03]J and K have logged in.
[2021-06-03]App starting up...
[2021-06-03]k and l have logged in.
[2021-06-03]App starting up...
[2021-06-03]^C and ^^CCC have logged in.
[2021-06-03]App starting up...
[2021-06-03]H and S have logged in.
[2021-06-03]App starting up...
[2021-06-03]H and J have logged in.
[2021-06-03]App starting up...
[2021-06-03]H and J have logged in.
[2021-06-03]App starting up...
[2021-06-03]H and G have logged in.
[2021-06-03]App starting up...
[2021-06-03]HJ and SM have logged in.
[2021-06-03]App starting up...
[2021-06-03]H and I have logged in.
[2021-06-03]App starting up...
[2021-06-03]H and I have logged in.
[2021-06-03]App starting up...
[2021-06-03]J and I have logged in.
[2021-06-03]App starting up...
[2021-06-03]d and 9 have logged in.
[2021-06-03]App starting up...
[2021-06-03]J and U have logged in.
[2023-02-27]App starting up...
[2023-02-27]PPP and AAA have logged in.
[2023-02-27]GAME OVER! AAA has won with the board.
[2023-02-27]App starting up...
[2023-02-27]App starting up...
